<?xml version="1.0" encoding="UTF-8"?>
<testsuite name="com.radixdlt.bip39.PhraseCleanupTest" tests="5" skipped="0" failures="0" errors="0" timestamp="2022-10-28T10:46:26" hostname="Alexandrus-MacBook-Pro-2.local" time="0.004">
  <properties/>
  <testcase name="trims()" classname="com.radixdlt.bip39.PhraseCleanupTest" time="0.003"/>
  <testcase name="removesSpaceInBetween()" classname="com.radixdlt.bip39.PhraseCleanupTest" time="0.0"/>
  <testcase name="negativeTest()" classname="com.radixdlt.bip39.PhraseCleanupTest" time="0.0"/>
  <testcase name="fixesCase()" classname="com.radixdlt.bip39.PhraseCleanupTest" time="0.001"/>
  <testcase name="allInCombination()" classname="com.radixdlt.bip39.PhraseCleanupTest" time="0.0"/>
  <system-out><![CDATA[]]></system-out>
  <system-err><![CDATA[]]></system-err>
</testsuite>
