<?xml version="1.0" encoding="UTF-8"?>
<testsuite name="com.radixdlt.crypto.base58.Base58Test" tests="2" skipped="0" failures="0" errors="0" timestamp="2022-10-28T10:46:26" hostname="Alexandrus-MacBook-Pro-2.local" time="0.0">
  <properties/>
  <testcase name="encodingToBase58Works()" classname="com.radixdlt.crypto.base58.Base58Test" time="0.0"/>
  <testcase name="decodingFromBase58Works()" classname="com.radixdlt.crypto.base58.Base58Test" time="0.0"/>
  <system-out><![CDATA[]]></system-out>
  <system-err><![CDATA[]]></system-err>
</testsuite>
