<?xml version="1.0" encoding="UTF-8"?>
<testsuite name="com.radixdlt.slip10.DerivationTest" tests="2" skipped="0" failures="0" errors="0" timestamp="2022-10-28T10:46:26" hostname="Alexandrus-MacBook-Pro-2.local" time="0.027">
  <properties/>
  <testcase name="createdKeyHasKeypair()" classname="com.radixdlt.slip10.DerivationTest" time="0.002"/>
  <testcase name="generateKeysFromSeed()" classname="com.radixdlt.slip10.DerivationTest" time="0.025"/>
  <system-out><![CDATA[]]></system-out>
  <system-err><![CDATA[]]></system-err>
</testsuite>
